<?xml version="1.0" encoding="UTF-8"?><testsuite errors="0" failures="1" name="Primer cambio de apps" skipped="0" tests="1" time="50.97" timestamp="2022-11-22 09:53:55"><testcase name="validar primer cambio  de apps 0$"><failure message="Expected enabled element was not enabled" type="net.thucydides.core.webdriver.exceptions.ElementShouldBeEnabledException">Expected enabled element was not enabled</failure><system-err>Expected enabled element was not enabled&#13;
testing.sqa.tasks.PrimerCambio.performAs(PrimerCambio.java:19)&#13;
stepdefinitions.PrimerCambioAppsStepDefinitions.daClickEnBotonAceptar(PrimerCambioAppsStepDefinitions.java:27)&#13;
cucumber.runner.Runner.runPickle(Runner.java:80)&#13;
worker.org.gradle.process.internal.worker.GradleWorkerMain.run(GradleWorkerMain.java:69)&#13;
worker.org.gradle.process.internal.worker.GradleWorkerMain.main(GradleWorkerMain.java:74)&#13;
</system-err></testcase></testsuite>